 2025-10-18 02:04:23,807 - logger_config - ERROR -  error connecting to database : 'User' object has no attribute 'email'
 2025-10-18 02:13:12,660 - logger_config - ERROR -  error connecting to database : 'User' object has no attribute 'email' 
 2025-10-18 02:16:34,846 - logger_config - INFO - User added successfully 
 2025-10-18 02:19:50,489 - logger_config - INFO - User added successfully 
 2025-10-18 02:45:20,704 - logger_config - INFO - User added successfully 
 2025-10-19 22:59:11,234 - logger_config - INFO - User added successfully 
 2025-10-19 22:59:11,255 - logger_config - INFO - User deleted successfully 
 2025-10-19 23:06:04,426 - logger_config - INFO - User added successfully 
 2025-10-19 23:06:04,443 - logger_config - INFO - User deleted successfully 
 2025-10-19 23:27:07,681 - logger_config - INFO - User deleted successfully 
 2025-10-22 10:39:42,282 - logger_config - INFO - User added successfully 
 2025-10-22 10:39:42,283 - logger_config - ERROR - no users are registered in the database ! 
 2025-10-22 10:40:41,200 - logger_config - INFO - User added successfully 
 2025-10-22 10:41:36,616 - logger_config - INFO - User added successfully 
 2025-10-22 19:13:05,624 - logger_config - INFO - User added successfully 
 2025-10-22 19:15:13,555 - logger_config - INFO - User added successfully 
 2025-10-22 19:17:32,843 - logger_config - INFO - User added successfully 
 2025-10-22 19:17:32,860 - logger_config - INFO - User information updated 
 2025-10-23 01:33:46,664 - logger_config - INFO - User added successfully 
 2025-10-23 01:36:02,275 - logger_config - INFO - User added successfully 
 2025-10-23 01:42:49,156 - logger_config - ERROR - no users are registered in the database ! 
 2025-10-23 01:43:55,567 - logger_config - INFO - User information updated 
